<?xml version="1.0" encoding="UTF-8"?>
<robot generator="Robot 3.2.2 (Python 3.8.0 on darwin)" generated="20210304 15:06:23.625" rpa="false">
<suite id="s1" name="Amazon" source="/Users/Andrii_Matsa/PycharmProjects/robotframeworktest/tests/Amazon.robot">
<test id="s1-t1" name="User must sign in to check out">
<kw name="Begin Web Test" library="Common" type="setup">
<kw name="Open Browser" library="SeleniumLibrary">
<doc>Opens a new browser instance to the optional ``url``.</doc>
<arguments>
<arg>about:blank</arg>
<arg>${BROWSER}</arg>
</arguments>
<msg timestamp="20210304 15:06:23.834" level="INFO">Opening browser 'chrome' to base url 'about:blank'.</msg>
<status status="PASS" starttime="20210304 15:06:23.834" endtime="20210304 15:06:27.290"></status>
</kw>
<status status="PASS" starttime="20210304 15:06:23.834" endtime="20210304 15:06:27.290"></status>
</kw>
<kw name="Search for Products" library="Amazon">
<kw name="Go To" library="SeleniumLibrary">
<doc>Navigates the current browser window to the provided ``url``.</doc>
<arguments>
<arg>${START_URL}</arg>
</arguments>
<msg timestamp="20210304 15:06:27.292" level="INFO">Opening url 'https://amazon.com'</msg>
<status status="PASS" starttime="20210304 15:06:27.292" endtime="20210304 15:06:31.225"></status>
</kw>
<status status="PASS" starttime="20210304 15:06:27.291" endtime="20210304 15:06:31.226"></status>
</kw>
<kw name="Input texting" library="Amazon">
<kw name="Input Text" library="SeleniumLibrary">
<doc>Types the given ``text`` into the text field identified by ``locator``.</doc>
<arguments>
<arg>id=twotabsearchtextbox</arg>
<arg>${SEARCH_TERM}</arg>
</arguments>
<msg timestamp="20210304 15:06:31.227" level="INFO">Typing text 'Lamborgini galato' into text field 'id=twotabsearchtextbox'.</msg>
<status status="PASS" starttime="20210304 15:06:31.227" endtime="20210304 15:06:31.543"></status>
</kw>
<status status="PASS" starttime="20210304 15:06:31.226" endtime="20210304 15:06:31.543"></status>
</kw>
<kw name="Click Submit" library="Amazon">
<kw name="Click Button" library="SeleniumLibrary">
<doc>Clicks the button identified by ``locator``.</doc>
<arguments>
<arg>id=nav-search-submit-button</arg>
</arguments>
<msg timestamp="20210304 15:06:31.544" level="INFO">Clicking button 'id=nav-search-submit-button'.</msg>
<status status="PASS" starttime="20210304 15:06:31.544" endtime="20210304 15:06:34.597"></status>
</kw>
<status status="PASS" starttime="20210304 15:06:31.543" endtime="20210304 15:06:34.597"></status>
</kw>
<kw name="End Browser" library="Amazon" type="teardown">
<kw name="Close Browser" library="SeleniumLibrary">
<doc>Closes the current browser.</doc>
<status status="PASS" starttime="20210304 15:06:34.598" endtime="20210304 15:06:35.349"></status>
</kw>
<status status="PASS" starttime="20210304 15:06:34.597" endtime="20210304 15:06:35.349"></status>
</kw>
<doc>This is basic info about the test</doc>
<tags>
<tag>Smoke</tag>
</tags>
<status status="PASS" starttime="20210304 15:06:23.833" endtime="20210304 15:06:35.349" critical="yes"></status>
</test>
<doc>This is basic info about the whole suite</doc>
<status status="PASS" starttime="20210304 15:06:23.627" endtime="20210304 15:06:35.350"></status>
</suite>
<statistics>
<total>
<stat pass="1" fail="0">Critical Tests</stat>
<stat pass="1" fail="0">All Tests</stat>
</total>
<tag>
<stat pass="1" fail="0">Smoke</stat>
</tag>
<suite>
<stat pass="1" fail="0" id="s1" name="Amazon">Amazon</stat>
</suite>
</statistics>
<errors>
</errors>
</robot>
